app/build/outputs/mapping/release/seeds.txt
com.minimal.launcher.R$mipmap
com.minimal.launcher.R$drawable
com.minimal.launcher.R$color
com.minimal.launcher.databinding.ItemSectionHeaderBinding
com.minimal.launcher.MinimalLauncherApp
com.minimal.launcher.AppListAdapter$submitList$diff$1
com.minimal.launcher.AppListAdapter$Item$App
com.minimal.launcher.R$anim
com.minimal.launcher.databinding.ActivityOnboardingBinding
com.minimal.launcher.PrefsManager$Companion
com.minimal.launcher.SettingsActivity$loadInstalledApps$$inlined$sortedBy$1
com.minimal.launcher.SettingsActivity
com.minimal.launcher.WorldClocks
com.minimal.launcher.MainActivity$setupGestures$2
com.minimal.launcher.databinding.ActivityMainBinding
com.minimal.launcher.R$id
com.minimal.launcher.databinding.ItemAppBinding
com.minimal.launcher.MainActivity$refreshWeather$1
com.minimal.launcher.AppDrawerActivity$refreshLayoutMode$1$1
com.minimal.launcher.MainActivity$loadInstalledApps$$inlined$sortedBy$1
com.minimal.launcher.OnboardingActivity$Page
com.minimal.launcher.AppListAdapter$AppViewHolder
com.minimal.launcher.R$style
com.minimal.launcher.databinding.ActivitySettingsBinding
com.minimal.launcher.WeatherManager$WeatherData
com.minimal.launcher.R$layout
com.minimal.launcher.MainActivity$TourStep
com.minimal.launcher.OnboardingActivity$Companion
com.minimal.launcher.AppListAdapter$Companion
com.minimal.launcher.PackageReceiver
com.minimal.launcher.AppInfo
com.minimal.launcher.SpotlightView
com.minimal.launcher.databinding.ItemAppGridBinding
com.minimal.launcher.PrefsManager$getFrequent$$inlined$sortedByDescending$1
com.minimal.launcher.PrefsManager
com.minimal.launcher.R$string
com.minimal.launcher.AppListAdapter
com.minimal.launcher.AppListAdapter$Item$Header
com.minimal.launcher.AppDrawerActivity$onCreate$3
com.minimal.launcher.AppDrawerActivity
com.minimal.launcher.MainActivity$onCreate$1
com.minimal.launcher.AlphabetIndexView
com.minimal.launcher.AppListAdapter$Item
com.minimal.launcher.MainActivity$clockRunnable$1
com.minimal.launcher.R
com.minimal.launcher.databinding.ActivityAppDrawerBinding
com.minimal.launcher.MainActivity$showTourBlockerPicker$$inlined$sortedBy$1
com.minimal.launcher.AppListAdapter$HeaderViewHolder
com.minimal.launcher.R$dimen
com.minimal.launcher.R$xml
com.minimal.launcher.SunCalculator
com.minimal.launcher.MainActivity
com.minimal.launcher.WeatherManager$fetch$2
com.minimal.launcher.OnboardingActivity
com.minimal.launcher.AppDrawerActivity$setupSearch$1
com.minimal.launcher.MainActivity$Companion
com.minimal.launcher.AppDrawerActivity$loadApps$$inlined$sortedBy$1
com.minimal.launcher.MainActivity$loadHomeApps$$inlined$sortedBy$1
com.minimal.launcher.WeatherManager
com.minimal.launcher.AppDrawerActivity$setupSwipeDown$1
com.minimal.launcher.databinding.ActivitySettingsBinding: android.widget.TextView btnHideApp
com.minimal.launcher.databinding.ActivityMainBinding: android.widget.TextView tourHint
com.minimal.launcher.R$id: int opt_font_medium
com.minimal.launcher.OnboardingActivity$Page: java.lang.String title
com.minimal.launcher.databinding.ItemAppBinding: android.widget.TextView tvAppLabel
com.minimal.launcher.databinding.ActivityMainBinding: androidx.recyclerview.widget.RecyclerView rvHomeApps
com.minimal.launcher.databinding.ActivityAppDrawerBinding: android.widget.TextView tvSelectionCount
com.minimal.launcher.R$id: int opt_clock_medium
com.minimal.launcher.R$id: int opt_weight_thin
com.minimal.launcher.databinding.ActivitySettingsBinding: android.widget.TextView optCelsius
com.minimal.launcher.AppDrawerActivity$refreshLayoutMode$1$1: com.minimal.launcher.AppDrawerActivity this$0
com.minimal.launcher.MainActivity$refreshWeather$1: com.minimal.launcher.MainActivity this$0
com.minimal.launcher.databinding.ItemAppGridBinding: android.widget.TextView rootView
com.minimal.launcher.AppDrawerActivity: java.lang.String currentQuery
com.minimal.launcher.databinding.ActivitySettingsBinding: android.widget.TextView btnBlockApp
...
kotlin.collections.ArraysKt___ArraysJvmKt: float[] plus(float[],float)
kotlin.io.path.PathsKt__PathUtilsKt: boolean exists(java.nio.file.Path,java.nio.file.LinkOption[])
kotlin.io.FilePathComponents: java.io.File subPath(int,int)
kotlin.collections.ArraysKt___ArraysKt: short[] onEachIndexed(short[],kotlin.jvm.functions.Function2)
kotlin.text.StringsKt___StringsKt: java.lang.Character findLast(java.lang.CharSequence,kotlin.jvm.functions.Function1)
kotlin.collections.ArraysKt___ArraysKt: long getOrElse(long[],int,kotlin.jvm.functions.Function1)
androidx.core.view.ViewGroupCompat$Api21Impl: boolean isTransitionGroup(android.view.ViewGroup)
kotlin.sequences.SequencesKt___SequencesKt$runningReduceIndexed$1: SequencesKt___SequencesKt$runningReduceIndexed$1(kotlin.sequences.Sequence,kotlin.jvm.functions.Function3,kotlin.coroutines.Continuation)
kotlin.collections.AbstractMap$keys$1: boolean contains(java.lang.Object)
androidx.appcompat.widget.AppCompatTextViewAutoSizeHelper$Impl29: AppCompatTextViewAutoSizeHelper$Impl29()
kotlin.concurrent.ThreadsKt: java.lang.Object getOrSet(java.lang.ThreadLocal,kotlin.jvm.functions.Function0)
kotlin.ranges.URangesKt___URangesKt: kotlin.UInt randomOrNull(kotlin.ranges.UIntRange)
androidx.core.view.ViewCompat$Api26Impl: int getImportantForAutofill(android.view.View)
androidx.recyclerview.widget.GridLayoutManager$SpanSizeLookup: int getCachedSpanIndex(int,int)
kotlin.text.StringsKt__StringsKt: java.lang.CharSequence trimStart(java.lang.CharSequence,char[])
kotlin.collections.ArraysKt___ArraysKt: java.util.List runningFoldIndexed(long[],java.lang.Object,kotlin.jvm.functions.Function3)
androidx.appcompat.widget.AppCompatCheckedTextView: android.content.res.ColorStateList getSupportCheckMarkTintList()
kotlin.collections.ArraysKt___ArraysKt: boolean any(boolean[])
kotlin.jvm.internal.ClassReference: java.lang.String getSimpleName()
kotlin.collections.ArraysKt___ArraysKt: long sumOfULong(int[],kotlin.jvm.functions.Function1)
kotlin.time.AbstractLongTimeSource$LongTimeMark: kotlin.time.TimeMark plus-LRDsOJo(long)
androidx.appcompat.widget.ActionBarOverlayLayout: void setHasNonEmbeddedTabs(boolean)
kotlin.text.HexFormat$NumberHexFormat$Builder: void setSuffix(java.lang.String)
androidx.appcompat.app.AppCompatActivity: boolean supportShouldUpRecreateTask(android.content.Intent)
kotlin.text.StringsKt__StringBuilderJVMKt: java.lang.StringBuilder appendRange(java.lang.StringBuilder,java.lang.CharSequence,int,int)
kotlin.streams.jdk8.StreamsKt: kotlin.sequences.Sequence asSequence(java.util.stream.DoubleStream)
kotlin.collections.ArraysKt___ArraysKt: java.lang.Integer maxOrNull(int[])
kotlin.jvm.internal.CallableReference: boolean isFinal()
kotlin.collections.ArraysKt___ArraysKt: java.lang.Float maxOrNull(float[])
kotlin.reflect.TypeVariableImpl: java.lang.reflect.GenericDeclaration getGenericDeclaration()
kotlin.math.MathKt__MathJVMKt: void getSign$annotations(float)
kotlin.UByteArray: byte[] constructor-impl(int)
kotlin.ULongArray: boolean add-VKZWuLQ(long)
kotlin.time.Duration: int compareTo-LRDsOJo(long,long)
kotlin.UInt: java.lang.String toString()
kotlin.text.MatcherMatchResult$groups$1: MatcherMatchResult$groups$1(kotlin.text.MatcherMatchResult)
kotlin.collections.ArraysKt___ArraysKt: java.lang.Object foldRight(short[],java.lang.Object,kotlin.jvm.functions.Function2)
kotlin.collections.AbstractMutableCollection: int size()
kotlin.sequences.SequencesKt___SequencesKt$runningFold$1: java.lang.Object invoke(java.lang.Object,java.lang.Object)
androidx.core.view.ViewCompat$Api20Impl: android.view.WindowInsets dispatchApplyWindowInsets(android.view.View,android.view.WindowInsets)
kotlin.collections.ArraysKt___ArraysKt: void sortByDescending(java.lang.Object[],kotlin.jvm.functions.Function1)
kotlin.text.StringsKt__StringBuilderJVMKt: java.lang.StringBuilder deleteAt(java.lang.StringBuilder,int)
kotlin.collections.builders.MapBuilder$Companion: int computeShift(int)