app/build/outputs/mapping/release/mapping.txt
# compiler: R8
# compiler_version: 9.1.31
# min_api: 29
# common_typos_disable
# {"id":"com.android.tools.r8.mapping","version":"2.2"}
# pg_map_id: c8a545499e3b78d895fb5b2bdee1ff9ad94b891ceb328bfcb7b6ede874f1f485
# pg_map_hash: SHA-256 c8a545499e3b78d895fb5b2bdee1ff9ad94b891ceb328bfcb7b6ede874f1f485
com.minimal.launcher.AlphabetIndexView -> com.minimal.launcher.AlphabetIndexView:
# {"id":"sourceFile","fileName":"AlphabetIndexView.kt"}
    3:5:void <init>(android.content.Context,android.util.AttributeSet,int):21:21 -> <init>
    6:20:void <init>(android.content.Context,android.util.AttributeSet,int):25:25 -> <init>
    21:32:void <init>(android.content.Context,android.util.AttributeSet,int):27:27 -> <init>
    33:38:void <init>(android.content.Context,android.util.AttributeSet,int):29:29 -> <init>
    39:47:void <init>(android.content.Context,android.util.AttributeSet,int):30:30 -> <init>
    48:55:void <init>(android.content.Context,android.util.AttributeSet,int):31:31 -> <init>
    56:58:void <init>(android.content.Context,android.util.AttributeSet,int):32:32 -> <init>
    59:68:void <init>(android.content.Context,android.util.AttributeSet,int):33:33 -> <init>
    69:70:void <init>(android.content.Context,android.util.AttributeSet,int):29:29 -> <init>
    71:76:void <init>(android.content.Context,android.util.AttributeSet,int):36:36 -> <init>
    77:79:void <init>(android.content.Context,android.util.AttributeSet,int):37:37 -> <init>
    80:85:void <init>(android.content.Context,android.util.AttributeSet,int):38:38 -> <init>
    86:88:void <init>(android.content.Context,android.util.AttributeSet,int):39:39 -> <init>
    89:97:void <init>(android.content.Context,android.util.AttributeSet,int):40:40 -> <init>
com.minimal.launcher.AppDrawerActivity -> com.minimal.launcher.AppDrawerActivity:
# {"id":"sourceFile","fileName":"AppDrawerActivity.kt"}
    androidx.activity.result.ActivityResultLauncher uninstallLauncher -> uninstallLauncher
      # {"id":"com.android.tools.r8.residualsignature","signature":"Lm1;"}
    0:2:void <init>():32:32 -> <init>
    3:8:void <init>():39:39 -> <init>
    9:12:void <init>():40:40 -> <init>
    13:18:void <init>():41:41 -> <init>
    19:26:void <init>():45:45 -> <init>
    27:29:void <init>():266:266 -> <init>
    0:3:void access$exitSelectionMode(com.minimal.launcher.AppDrawerActivity):32:32 -> access$exitSelectionMode
    0:2:com.minimal.launcher.AppListAdapter access$getAdapter$p(com.minimal.launcher.AppDrawerActivity):32:32 -> access$getAdapter$p
    0:2:com.minimal.launcher.databinding.ActivityAppDrawerBinding access$getBinding$p(com.minimal.launcher.AppDrawerActivity):32:32 -> access$getBinding$p
    0:2:java.lang.String access$getCurrentQuery$p(com.minimal.launcher.AppDrawerActivity):32:32 -> access$getCurrentQuery$p
    0:3:void access$refreshList(com.minimal.launcher.AppDrawerActivity):32:32 -> access$refreshList
    0:2:void access$setCurrentQuery$p(com.minimal.launcher.AppDrawerActivity,java.lang.String):32:32 -> access$setCurrentQuery$p
    0:11:void applyFullscreen():87:87 -> applyFullscreen
    12:16:void androidx.core.view.WindowInsetsControllerCompat.<init>(android.view.Window,android.view.View):122:122 -> applyFullscreen
com.minimal.launcher.AppDrawerActivity$$ExternalSyntheticApiModelOutline2 -> c5:
# {"id":"sourceFile","fileName":"R8$$SyntheticClass"}
# {"id":"com.android.tools.r8.synthesized"}
    0:5:void AppDrawerActivity$$ExternalSyntheticApiModelOutline2.m(com.minimal.launcher.AppDrawerActivity,int):0:0 -> a
      # {"id":"com.android.tools.r8.synthesized"}
...
kotlin.io.FileTreeWalk$DirectoryState -> kotlin.io.FileTreeWalk$DirectoryState:
# {"id":"sourceFile","fileName":"FileTreeWalk.kt"}
    3:6:void <init>(java.io.File):59:59 -> <init>
kotlin.io.FileTreeWalk$FileTreeWalkIterator -> kotlin.io.FileTreeWalk$FileTreeWalkIterator:
# {"id":"sourceFile","fileName":"FileTreeWalk.kt"}
    0:4:void <init>(kotlin.io.FileTreeWalk):66:66 -> <init>
    5:11:void <init>(kotlin.io.FileTreeWalk):69:69 -> <init>
    12:33:void <init>(kotlin.io.FileTreeWalk):73:73 -> <init>
    34:56:void <init>(kotlin.io.FileTreeWalk):74:74 -> <init>
    57:60:void <init>(kotlin.io.FileTreeWalk):75:75 -> <init>
    0:5:void computeNext():80:80 -> computeNext
    6:9:void computeNext():82:82 -> computeNext
    10:13:void computeNext():84:84 -> computeNext
    0:19:kotlin.io.FileTreeWalk$DirectoryState directoryState(java.io.File):89:89 -> directoryState
    20:25:kotlin.io.FileTreeWalk$DirectoryState directoryState(java.io.File):91:91 -> directoryState
    26:31:kotlin.io.FileTreeWalk$DirectoryState directoryState(java.io.File):89:89 -> directoryState
    32:37:kotlin.io.FileTreeWalk$DirectoryState directoryState(java.io.File):90:90 -> directoryState
    0:11:java.io.File gotoNext():97:97 -> gotoNext
    12:17:java.io.File gotoNext():98:98 -> gotoNext
    18:23:java.io.File gotoNext():101:101 -> gotoNext
    24:54:java.io.File gotoNext():105:105 -> gotoNext
    55:65:java.io.File gotoNext():110:110 -> gotoNext
kotlin.io.FileTreeWalk$FileTreeWalkIterator$BottomUpDirectoryState -> kotlin.io.FileTreeWalk$FileTreeWalkIterator$BottomUpDirectoryState:
# {"id":"sourceFile","fileName":"FileTreeWalk.kt"}
    3:8:void <init>(kotlin.io.FileTreeWalk$FileTreeWalkIterator,java.io.File):117:117 -> <init>
    0:9:java.io.File step():129:129 -> step
    10:36:java.io.File step():130:130 -> step
    37:48:java.io.File step():134:134 -> step
    49:79:java.io.File step():136:136 -> step
    80:81:java.io.File step():137:137 -> step
    82:90:java.io.File step():140:140 -> step
    91:102:java.io.File step():142:142 -> step
    103:106:java.io.File step():143:143 -> step
    107:108:java.io.File step():145:145 -> step
    109:113:java.io.File step():146:146 -> step
    114:131:java.io.File step():149:149 -> step
kotlin.io.FileTreeWalk$FileTreeWalkIterator$SingleFileState -> kotlin.io.FileTreeWalk$FileTreeWalkIterator$SingleFileState:
# {"id":"sourceFile","fileName":"FileTreeWalk.kt"}
    3:8:void <init>(kotlin.io.FileTreeWalk$FileTreeWalkIterator,java.io.File):196:196 -> <init>
    0:6:java.io.File step():205:205 -> step
    7:8:java.io.File step():206:206 -> step
    9:13:java.io.File step():207:207 -> step
kotlin.io.FileTreeWalk$FileTreeWalkIterator$TopDownDirectoryState -> kotlin.io.FileTreeWalk$FileTreeWalkIterator$TopDownDirectoryState:
# {"id":"sourceFile","fileName":"FileTreeWalk.kt"}
    3:8:void <init>(kotlin.io.FileTreeWalk$FileTreeWalkIterator,java.io.File):156:156 -> <init>
    0:4:java.io.File step():166:166 -> step
    5:32:java.io.File step():168:168 -> step
    33:34:java.io.File step():172:172 -> step
    35:39:java.io.File step():173:173 -> step
    40:49:java.io.File step():174:174 -> step
    50:69:java.io.File step():190:190 -> step
    70:81:java.io.File step():177:177 -> step
    82:112:java.io.File step():179:179 -> step
    113:119:java.io.File step():181:181 -> step
    120:137:java.io.File step():182:182 -> step
    138:151:java.io.File step():187:187 -> step
kotlin.io.FileTreeWalk$FileTreeWalkIterator$WhenMappings -> kotlin.io.FileTreeWalk$FileTreeWalkIterator$WhenMappings:
# {"id":"sourceFile","fileName":"FileTreeWalk.kt"}
kotlin.io.FileTreeWalk$WalkState -> kotlin.io.FileTreeWalk$WalkState:
# {"id":"sourceFile","fileName":"FileTreeWalk.kt"}
    3:8:void <init>(java.io.File):53:53 -> <init>
    0:2:java.io.File getRoot():53:53 -> getRoot