app/build/outputs/mapping/release/usage.txt
kotlinx.coroutines.EventLoopKt
kotlinx.coroutines.EventLoop_commonKt:
    public static final kotlinx.coroutines.internal.Symbol DISPOSED_TASK
    public static final synthetic kotlinx.coroutines.internal.Symbol access$getCLOSED_EMPTY$p()
kotlinx.coroutines.ExecutorCoroutineDispatcher$Key$1:
    public static kotlinx.coroutines.ExecutorCoroutineDispatcher invoke()
kotlinx.coroutines.ExecutorCoroutineDispatcher:
    public static final kotlinx.coroutines.ExecutorCoroutineDispatcher$Key Key
kotlinx.coroutines.Job$DefaultImpls
kotlinx.coroutines.Job:
    public static final kotlinx.coroutines.Job$Key Key
    static void <clinit>()
    public abstract kotlinx.coroutines.ChildHandle attachChild()
    public abstract void cancel$1()
    public abstract java.util.concurrent.CancellationException getCancellationException()
    public abstract kotlinx.coroutines.DisposableHandle invokeOnCompletion()
    public abstract boolean start()
kotlinx.coroutines.JobImpl
kotlinx.coroutines.JobKt:
    public static synthetic void cancel$default(kotlin.coroutines.CoroutineContext)
kotlinx.coroutines.JobKt__JobKt$invokeOnCompletion$1:
    public static void invoke$1()
kotlinx.coroutines.JobKt__JobKt
kotlinx.coroutines.JobNode:
    public abstract void setJob()
kotlinx.coroutines.JobSupport$$InternalSyntheticBackportWithForwarding$1$02969b78d9a27f1540a04464837015c579fc599fb4ef90569e5a63783f84a9ab$0
kotlinx.coroutines.JobSupport$$InternalSyntheticBackportWithForwarding$1$05fdac78e290f366f912e75aaea0b69c07765d1641a36cb5006eac7fb6446f67$0
kotlinx.coroutines.JobSupport$$InternalSyntheticBackportWithForwarding$1$243d686fc7a367fbecd3746c2402958fcbdcf4131dda03600ca790a66ce18fb2$0
kotlinx.coroutines.JobSupport$$InternalSyntheticBackportWithForwarding$1$ac2b2c5fff4931f83d305b9eae812c81f4b23cd7d952a929382fdeb1a2a79186$0
kotlinx.coroutines.JobSupport$$InternalSyntheticBackportWithForwarding$1$ac2b2c5fff4931f83d305b9eae812c81f4b23cd7d952a929382fdeb1a2a79186$1
kotlinx.coroutines.JobSupport$$InternalSyntheticBackportWithForwarding$1$d9458b882d2bc7084866d953001625f6459171dc62d503127d3cb28fffd9bf54$0
kotlinx.coroutines.JobSupport$$InternalSyntheticBackportWithForwarding$1$edaa32ce27920ec32ff3627d40606b835a8847be10c55444ffbcc98b7952f713$0
kotlinx.coroutines.JobSupport$$InternalSyntheticBackportWithForwarding$2$027421eb3368438ff16efc627142385964a9ca3f03b8b2af3d21282e5cddf677$0
kotlinx.coroutines.JobSupport$$InternalSyntheticBackportWithForwarding$2$682f8045bf69ea37ed7a3640fc53ec11eddec95f22a21454c646b5130b97e3e7$0
kotlinx.coroutines.JobSupport$$InternalSyntheticBackportWithForwarding$2$c5f033a7fe5b3d3464c362ddaa3fd97cbeb2753a28ed05e9bbd8491e6c1ebadf$0
kotlinx.coroutines.JobSupport$Finishing:
    public static java.util.ArrayList allocateList()
    public static java.lang.Object getExceptionsHolder()
    public static boolean isSealed()
    public static void setCompleting()
    public final void setExceptionsHolder(java.lang.Object)
    public static void setRootCause()
kotlinx.coroutines.JobSupport$addLastAtomic$$inlined$addLastIf$1:
    public static void complete()
    public static java.lang.Object prepare()